[2024-11-06 20:41:35] production.ERROR: file_get_contents(C:\Users\VICTOR PASINGA\Documents\GitHub\Proyecto-PcStore-SENA\laravel-PcStore-SENA\.env): Failed to open stream: No such file or directory {"exception":"[object] (ErrorException(code: 0): file_get_contents(C:\\Users\\VICTOR PASINGA\\Documents\\GitHub\\Proyecto-PcStore-SENA\\laravel-PcStore-SENA\\.env): Failed to open stream: No such file or directory at C:\\Users\\VICTOR PASINGA\\Documents\\GitHub\\Proyecto-PcStore-SENA\\laravel-PcStore-SENA\\vendor\\laravel\\framework\\src\\Illuminate\\Foundation\\Console\\KeyGenerateCommand.php:100)
[stacktrace]
#0 C:\\Users\\VICTOR PASINGA\\Documents\\GitHub\\Proyecto-PcStore-SENA\\laravel-PcStore-SENA\\vendor\\laravel\\framework\\src\\Illuminate\\Foundation\\Bootstrap\\HandleExceptions.php(256): Illuminate\\Foundation\\Bootstrap\\HandleExceptions->handleError(2, 'file_get_conten...', 'C:\\\\Users\\\\VICTOR...', 100)
#1 [internal function]: Illuminate\\Foundation\\Bootstrap\\HandleExceptions->Illuminate\\Foundation\\Bootstrap\\{closure}(2, 'file_get_conten...', 'C:\\\\Users\\\\VICTOR...', 100)
#2 C:\\Users\\VICTOR PASINGA\\Documents\\GitHub\\Proyecto-PcStore-SENA\\laravel-PcStore-SENA\\vendor\\laravel\\framework\\src\\Illuminate\\Foundation\\Console\\KeyGenerateCommand.php(100): file_get_contents('C:\\\\Users\\\\VICTOR...')
#3 C:\\Users\\VICTOR PASINGA\\Documents\\GitHub\\Proyecto-PcStore-SENA\\laravel-PcStore-SENA\\vendor\\laravel\\framework\\src\\Illuminate\\Foundation\\Console\\KeyGenerateCommand.php(82): Illuminate\\Foundation\\Console\\KeyGenerateCommand->writeNewEnvironmentFileWith('base64:S2Z9JHG5...')
#4 C:\\Users\\VICTOR PASINGA\\Documents\\GitHub\\Proyecto-PcStore-SENA\\laravel-PcStore-SENA\\vendor\\laravel\\framework\\src\\Illuminate\\Foundation\\Console\\KeyGenerateCommand.php(47): Illuminate\\Foundation\\Console\\KeyGenerateCommand->setKeyInEnvironmentFile('base64:S2Z9JHG5...')
#5 C:\\Users\\VICTOR PASINGA\\Documents\\GitHub\\Proyecto-PcStore-SENA\\laravel-PcStore-SENA\\vendor\\laravel\\framework\\src\\Illuminate\\Container\\BoundMethod.php(36): Illuminate\\Foundation\\Console\\KeyGenerateCommand->handle()
#6 C:\\Users\\VICTOR PASINGA\\Documents\\GitHub\\Proyecto-PcStore-SENA\\laravel-PcStore-SENA\\vendor\\laravel\\framework\\src\\Illuminate\\Container\\Util.php(43): Illuminate\\Container\\BoundMethod::Illuminate\\Container\\{closure}()
#7 C:\\Users\\VICTOR PASINGA\\Documents\\GitHub\\Proyecto-PcStore-SENA\\laravel-PcStore-SENA\\vendor\\laravel\\framework\\src\\Illuminate\\Container\\BoundMethod.php(95): Illuminate\\Container\\Util::unwrapIfClosure(Object(Closure))
#8 C:\\Users\\VICTOR PASINGA\\Documents\\GitHub\\Proyecto-PcStore-SENA\\laravel-PcStore-SENA\\vendor\\laravel\\framework\\src\\Illuminate\\Container\\BoundMethod.php(35): Illuminate\\Container\\BoundMethod::callBoundMethod(Object(Illuminate\\Foundation\\Application), Array, Object(Closure))
#9 C:\\Users\\VICTOR PASINGA\\Documents\\GitHub\\Proyecto-PcStore-SENA\\laravel-PcStore-SENA\\vendor\\laravel\\framework\\src\\Illuminate\\Container\\Container.php(690): Illuminate\\Container\\BoundMethod::call(Object(Illuminate\\Foundation\\Application), Array, Array, NULL)
#10 C:\\Users\\VICTOR PASINGA\\Documents\\GitHub\\Proyecto-PcStore-SENA\\laravel-PcStore-SENA\\vendor\\laravel\\framework\\src\\Illuminate\\Console\\Command.php(213): Illuminate\\Container\\Container->call(Array)
#11 C:\\Users\\VICTOR PASINGA\\Documents\\GitHub\\Proyecto-PcStore-SENA\\laravel-PcStore-SENA\\vendor\\symfony\\console\\Command\\Command.php(279): Illuminate\\Console\\Command->execute(Object(Symfony\\Component\\Console\\Input\\ArgvInput), Object(Illuminate\\Console\\OutputStyle))
#12 C:\\Users\\VICTOR PASINGA\\Documents\\GitHub\\Proyecto-PcStore-SENA\\laravel-PcStore-SENA\\vendor\\laravel\\framework\\src\\Illuminate\\Console\\Command.php(182): Symfony\\Component\\Console\\Command\\Command->run(Object(Symfony\\Component\\Console\\Input\\ArgvInput), Object(Illuminate\\Console\\OutputStyle))
#13 C:\\Users\\VICTOR PASINGA\\Documents\\GitHub\\Proyecto-PcStore-SENA\\laravel-PcStore-SENA\\vendor\\symfony\\console\\Application.php(1047): Illuminate\\Console\\Command->run(Object(Symfony\\Component\\Console\\Input\\ArgvInput), Object(Symfony\\Component\\Console\\Output\\ConsoleOutput))
#14 C:\\Users\\VICTOR PASINGA\\Documents\\GitHub\\Proyecto-PcStore-SENA\\laravel-PcStore-SENA\\vendor\\symfony\\console\\Application.php(316): Symfony\\Component\\Console\\Application->doRunCommand(Object(Illuminate\\Foundation\\Console\\KeyGenerateCommand), Object(Symfony\\Component\\Console\\Input\\ArgvInput), Object(Symfony\\Component\\Console\\Output\\ConsoleOutput))
#15 C:\\Users\\VICTOR PASINGA\\Documents\\GitHub\\Proyecto-PcStore-SENA\\laravel-PcStore-SENA\\vendor\\symfony\\console\\Application.php(167): Symfony\\Component\\Console\\Application->doRun(Object(Symfony\\Component\\Console\\Input\\ArgvInput), Object(Symfony\\Component\\Console\\Output\\ConsoleOutput))
#16 C:\\Users\\VICTOR PASINGA\\Documents\\GitHub\\Proyecto-PcStore-SENA\\laravel-PcStore-SENA\\vendor\\laravel\\framework\\src\\Illuminate\\Foundation\\Console\\Kernel.php(197): Symfony\\Component\\Console\\Application->run(Object(Symfony\\Component\\Console\\Input\\ArgvInput), Object(Symfony\\Component\\Console\\Output\\ConsoleOutput))
#17 C:\\Users\\VICTOR PASINGA\\Documents\\GitHub\\Proyecto-PcStore-SENA\\laravel-PcStore-SENA\\vendor\\laravel\\framework\\src\\Illuminate\\Foundation\\Application.php(1203): Illuminate\\Foundation\\Console\\Kernel->handle(Object(Symfony\\Component\\Console\\Input\\ArgvInput), Object(Symfony\\Component\\Console\\Output\\ConsoleOutput))
#18 C:\\Users\\VICTOR PASINGA\\Documents\\GitHub\\Proyecto-PcStore-SENA\\laravel-PcStore-SENA\\artisan(13): Illuminate\\Foundation\\Application->handleCommand(Object(Symfony\\Component\\Console\\Input\\ArgvInput))
#19 {main}
"} 
[2024-11-06 20:42:54] production.ERROR: No application encryption key has been specified. {"exception":"[object] (Illuminate\\Encryption\\MissingAppKeyException(code: 0): No application encryption key has been specified. at C:\\Users\\VICTOR PASINGA\\Documents\\GitHub\\Proyecto-PcStore-SENA\\laravel-PcStore-SENA\\vendor\\laravel\\framework\\src\\Illuminate\\Encryption\\EncryptionServiceProvider.php:83)
[stacktrace]
#0 C:\\Users\\VICTOR PASINGA\\Documents\\GitHub\\Proyecto-PcStore-SENA\\laravel-PcStore-SENA\\vendor\\laravel\\framework\\src\\Illuminate\\Support\\helpers.php(380): Illuminate\\Encryption\\EncryptionServiceProvider->Illuminate\\Encryption\\{closure}(NULL)
#1 C:\\Users\\VICTOR PASINGA\\Documents\\GitHub\\Proyecto-PcStore-SENA\\laravel-PcStore-SENA\\vendor\\laravel\\framework\\src\\Illuminate\\Encryption\\EncryptionServiceProvider.php(81): tap(NULL, Object(Closure))
#2 C:\\Users\\VICTOR PASINGA\\Documents\\GitHub\\Proyecto-PcStore-SENA\\laravel-PcStore-SENA\\vendor\\laravel\\framework\\src\\Illuminate\\Encryption\\EncryptionServiceProvider.php(64): Illuminate\\Encryption\\EncryptionServiceProvider->key(Array)
#3 C:\\Users\\VICTOR PASINGA\\Documents\\GitHub\\Proyecto-PcStore-SENA\\laravel-PcStore-SENA\\vendor\\laravel\\framework\\src\\Illuminate\\Encryption\\EncryptionServiceProvider.php(32): Illuminate\\Encryption\\EncryptionServiceProvider->parseKey(Array)
#4 C:\\Users\\VICTOR PASINGA\\Documents\\GitHub\\Proyecto-PcStore-SENA\\laravel-PcStore-SENA\\vendor\\laravel\\framework\\src\\Illuminate\\Container\\Container.php(931): Illuminate\\Encryption\\EncryptionServiceProvider->Illuminate\\Encryption\\{closure}(Object(Illuminate\\Foundation\\Application), Array)
#5 C:\\Users\\VICTOR PASINGA\\Documents\\GitHub\\Proyecto-PcStore-SENA\\laravel-PcStore-SENA\\vendor\\laravel\\framework\\src\\Illuminate\\Container\\Container.php(815): Illuminate\\Container\\Container->build(Object(Closure))
#6 C:\\Users\\VICTOR PASINGA\\Documents\\GitHub\\Proyecto-PcStore-SENA\\laravel-PcStore-SENA\\vendor\\laravel\\framework\\src\\Illuminate\\Foundation\\Application.php(1046): Illuminate\\Container\\Container->resolve('encrypter', Array, true)
#7 C:\\Users\\VICTOR PASINGA\\Documents\\GitHub\\Proyecto-PcStore-SENA\\laravel-PcStore-SENA\\vendor\\laravel\\framework\\src\\Illuminate\\Container\\Container.php(751): Illuminate\\Foundation\\Application->resolve('encrypter', Array)
#8 C:\\Users\\VICTOR PASINGA\\Documents\\GitHub\\Proyecto-PcStore-SENA\\laravel-PcStore-SENA\\vendor\\laravel\\framework\\src\\Illuminate\\Foundation\\Application.php(1028): Illuminate\\Container\\Container->make('encrypter', Array)
#9 C:\\Users\\VICTOR PASINGA\\Documents\\GitHub\\Proyecto-PcStore-SENA\\laravel-PcStore-SENA\\vendor\\laravel\\framework\\src\\Illuminate\\Container\\Container.php(1112): Illuminate\\Foundation\\Application->make('encrypter')
#10 C:\\Users\\VICTOR PASINGA\\Documents\\GitHub\\Proyecto-PcStore-SENA\\laravel-PcStore-SENA\\vendor\\laravel\\framework\\src\\Illuminate\\Container\\Container.php(1022): Illuminate\\Container\\Container->resolveClass(Object(ReflectionParameter))
#11 C:\\Users\\VICTOR PASINGA\\Documents\\GitHub\\Proyecto-PcStore-SENA\\laravel-PcStore-SENA\\vendor\\laravel\\framework\\src\\Illuminate\\Container\\Container.php(973): Illuminate\\Container\\Container->resolveDependencies(Array)
#12 C:\\Users\\VICTOR PASINGA\\Documents\\GitHub\\Proyecto-PcStore-SENA\\laravel-PcStore-SENA\\vendor\\laravel\\framework\\src\\Illuminate\\Container\\Container.php(815): Illuminate\\Container\\Container->build('Illuminate\\\\Cook...')
#13 C:\\Users\\VICTOR PASINGA\\Documents\\GitHub\\Proyecto-PcStore-SENA\\laravel-PcStore-SENA\\vendor\\laravel\\framework\\src\\Illuminate\\Foundation\\Application.php(1046): Illuminate\\Container\\Container->resolve('Illuminate\\\\Cook...', Array, true)
#14 C:\\Users\\VICTOR PASINGA\\Documents\\GitHub\\Proyecto-PcStore-SENA\\laravel-PcStore-SENA\\vendor\\laravel\\framework\\src\\Illuminate\\Container\\Container.php(751): Illuminate\\Foundation\\Application->resolve('Illuminate\\\\Cook...', Array)
#15 C:\\Users\\VICTOR PASINGA\\Documents\\GitHub\\Proyecto-PcStore-SENA\\laravel-PcStore-SENA\\vendor\\laravel\\framework\\src\\Illuminate\\Foundation\\Application.php(1028): Illuminate\\Container\\Container->make('Illuminate\\\\Cook...', Array)
#16 C:\\Users\\VICTOR PASINGA\\Documents\\GitHub\\Proyecto-PcStore-SENA\\laravel-PcStore-SENA\\vendor\\laravel\\framework\\src\\Illuminate\\Pipeline\\Pipeline.php(172): Illuminate\\Foundation\\Application->make('Illuminate\\\\Cook...')
#17 C:\\Users\\VICTOR PASINGA\\Documents\\GitHub\\Proyecto-PcStore-SENA\\laravel-PcStore-SENA\\vendor\\laravel\\framework\\src\\Illuminate\\Pipeline\\Pipeline.php(119): Illuminate\\Pipeline\\Pipeline->Illuminate\\Pipeline\\{closure}(Object(Illuminate\\Http\\Request))
#18 C:\\Users\\VICTOR PASINGA\\Documents\\GitHub\\Proyecto-PcStore-SENA\\laravel-PcStore-SENA\\vendor\\laravel\\framework\\src\\Illuminate\\Routing\\Router.php(807): Illuminate\\Pipeline\\Pipeline->then(Object(Closure))
#19 C:\\Users\\VICTOR PASINGA\\Documents\\GitHub\\Proyecto-PcStore-SENA\\laravel-PcStore-SENA\\vendor\\laravel\\framework\\src\\Illuminate\\Routing\\Router.php(786): Illuminate\\Routing\\Router->runRouteWithinStack(Object(Illuminate\\Routing\\Route), Object(Illuminate\\Http\\Request))
#20 C:\\Users\\VICTOR PASINGA\\Documents\\GitHub\\Proyecto-PcStore-SENA\\laravel-PcStore-SENA\\vendor\\laravel\\framework\\src\\Illuminate\\Routing\\Router.php(750): Illuminate\\Routing\\Router->runRoute(Object(Illuminate\\Http\\Request), Object(Illuminate\\Routing\\Route))
#21 C:\\Users\\VICTOR PASINGA\\Documents\\GitHub\\Proyecto-PcStore-SENA\\laravel-PcStore-SENA\\vendor\\laravel\\framework\\src\\Illuminate\\Routing\\Router.php(739): Illuminate\\Routing\\Router->dispatchToRoute(Object(Illuminate\\Http\\Request))
#22 C:\\Users\\VICTOR PASINGA\\Documents\\GitHub\\Proyecto-PcStore-SENA\\laravel-PcStore-SENA\\vendor\\laravel\\framework\\src\\Illuminate\\Foundation\\Http\\Kernel.php(201): Illuminate\\Routing\\Router->dispatch(Object(Illuminate\\Http\\Request))
#23 C:\\Users\\VICTOR PASINGA\\Documents\\GitHub\\Proyecto-PcStore-SENA\\laravel-PcStore-SENA\\vendor\\laravel\\framework\\src\\Illuminate\\Pipeline\\Pipeline.php(144): Illuminate\\Foundation\\Http\\Kernel->Illuminate\\Foundation\\Http\\{closure}(Object(Illuminate\\Http\\Request))
#24 C:\\Users\\VICTOR PASINGA\\Documents\\GitHub\\Proyecto-PcStore-SENA\\laravel-PcStore-SENA\\vendor\\laravel\\framework\\src\\Illuminate\\Foundation\\Http\\Middleware\\TransformsRequest.php(21): Illuminate\\Pipeline\\Pipeline->Illuminate\\Pipeline\\{closure}(Object(Illuminate\\Http\\Request))
#25 C:\\Users\\VICTOR PASINGA\\Documents\\GitHub\\Proyecto-PcStore-SENA\\laravel-PcStore-SENA\\vendor\\laravel\\framework\\src\\Illuminate\\Foundation\\Http\\Middleware\\ConvertEmptyStringsToNull.php(31): Illuminate\\Foundation\\Http\\Middleware\\TransformsRequest->handle(Object(Illuminate\\Http\\Request), Object(Closure))
#26 C:\\Users\\VICTOR PASINGA\\Documents\\GitHub\\Proyecto-PcStore-SENA\\laravel-PcStore-SENA\\vendor\\laravel\\framework\\src\\Illuminate\\Pipeline\\Pipeline.php(183): Illuminate\\Foundation\\Http\\Middleware\\ConvertEmptyStringsToNull->handle(Object(Illuminate\\Http\\Request), Object(Closure))
#27 C:\\Users\\VICTOR PASINGA\\Documents\\GitHub\\Proyecto-PcStore-SENA\\laravel-PcStore-SENA\\vendor\\laravel\\framework\\src\\Illuminate\\Foundation\\Http\\Middleware\\TransformsRequest.php(21): Illuminate\\Pipeline\\Pipeline->Illuminate\\Pipeline\\{closure}(Object(Illuminate\\Http\\Request))
#28 C:\\Users\\VICTOR PASINGA\\Documents\\GitHub\\Proyecto-PcStore-SENA\\laravel-PcStore-SENA\\vendor\\laravel\\framework\\src\\Illuminate\\Foundation\\Http\\Middleware\\TrimStrings.php(51): Illuminate\\Foundation\\Http\\Middleware\\TransformsRequest->handle(Object(Illuminate\\Http\\Request), Object(Closure))
#29 C:\\Users\\VICTOR PASINGA\\Documents\\GitHub\\Proyecto-PcStore-SENA\\laravel-PcStore-SENA\\vendor\\laravel\\framework\\src\\Illuminate\\Pipeline\\Pipeline.php(183): Illuminate\\Foundation\\Http\\Middleware\\TrimStrings->handle(Object(Illuminate\\Http\\Request), Object(Closure))
#30 C:\\Users\\VICTOR PASINGA\\Documents\\GitHub\\Proyecto-PcStore-SENA\\laravel-PcStore-SENA\\vendor\\laravel\\framework\\src\\Illuminate\\Http\\Middleware\\ValidatePostSize.php(27): Illuminate\\Pipeline\\Pipeline->Illuminate\\Pipeline\\{closure}(Object(Illuminate\\Http\\Request))
#31 C:\\Users\\VICTOR PASINGA\\Documents\\GitHub\\Proyecto-PcStore-SENA\\laravel-PcStore-SENA\\vendor\\laravel\\framework\\src\\Illuminate\\Pipeline\\Pipeline.php(183): Illuminate\\Http\\Middleware\\ValidatePostSize->handle(Object(Illuminate\\Http\\Request), Object(Closure))
#32 C:\\Users\\VICTOR PASINGA\\Documents\\GitHub\\Proyecto-PcStore-SENA\\laravel-PcStore-SENA\\vendor\\laravel\\framework\\src\\Illuminate\\Foundation\\Http\\Middleware\\PreventRequestsDuringMaintenance.php(110): Illuminate\\Pipeline\\Pipeline->Illuminate\\Pipeline\\{closure}(Object(Illuminate\\Http\\Request))
#33 C:\\Users\\VICTOR PASINGA\\Documents\\GitHub\\Proyecto-PcStore-SENA\\laravel-PcStore-SENA\\vendor\\laravel\\framework\\src\\Illuminate\\Pipeline\\Pipeline.php(183): Illuminate\\Foundation\\Http\\Middleware\\PreventRequestsDuringMaintenance->handle(Object(Illuminate\\Http\\Request), Object(Closure))
#34 C:\\Users\\VICTOR PASINGA\\Documents\\GitHub\\Proyecto-PcStore-SENA\\laravel-PcStore-SENA\\vendor\\laravel\\framework\\src\\Illuminate\\Http\\Middleware\\HandleCors.php(49): Illuminate\\Pipeline\\Pipeline->Illuminate\\Pipeline\\{closure}(Object(Illuminate\\Http\\Request))
#35 C:\\Users\\VICTOR PASINGA\\Documents\\GitHub\\Proyecto-PcStore-SENA\\laravel-PcStore-SENA\\vendor\\laravel\\framework\\src\\Illuminate\\Pipeline\\Pipeline.php(183): Illuminate\\Http\\Middleware\\HandleCors->handle(Object(Illuminate\\Http\\Request), Object(Closure))
#36 C:\\Users\\VICTOR PASINGA\\Documents\\GitHub\\Proyecto-PcStore-SENA\\laravel-PcStore-SENA\\vendor\\laravel\\framework\\src\\Illuminate\\Http\\Middleware\\TrustProxies.php(58): Illuminate\\Pipeline\\Pipeline->Illuminate\\Pipeline\\{closure}(Object(Illuminate\\Http\\Request))
#37 C:\\Users\\VICTOR PASINGA\\Documents\\GitHub\\Proyecto-PcStore-SENA\\laravel-PcStore-SENA\\vendor\\laravel\\framework\\src\\Illuminate\\Pipeline\\Pipeline.php(183): Illuminate\\Http\\Middleware\\TrustProxies->handle(Object(Illuminate\\Http\\Request), Object(Closure))
#38 C:\\Users\\VICTOR PASINGA\\Documents\\GitHub\\Proyecto-PcStore-SENA\\laravel-PcStore-SENA\\vendor\\laravel\\framework\\src\\Illuminate\\Foundation\\Http\\Middleware\\InvokeDeferredCallbacks.php(22): Illuminate\\Pipeline\\Pipeline->Illuminate\\Pipeline\\{closure}(Object(Illuminate\\Http\\Request))
#39 C:\\Users\\VICTOR PASINGA\\Documents\\GitHub\\Proyecto-PcStore-SENA\\laravel-PcStore-SENA\\vendor\\laravel\\framework\\src\\Illuminate\\Pipeline\\Pipeline.php(183): Illuminate\\Foundation\\Http\\Middleware\\InvokeDeferredCallbacks->handle(Object(Illuminate\\Http\\Request), Object(Closure))
#40 C:\\Users\\VICTOR PASINGA\\Documents\\GitHub\\Proyecto-PcStore-SENA\\laravel-PcStore-SENA\\vendor\\laravel\\framework\\src\\Illuminate\\Pipeline\\Pipeline.php(119): Illuminate\\Pipeline\\Pipeline->Illuminate\\Pipeline\\{closure}(Object(Illuminate\\Http\\Request))
#41 C:\\Users\\VICTOR PASINGA\\Documents\\GitHub\\Proyecto-PcStore-SENA\\laravel-PcStore-SENA\\vendor\\laravel\\framework\\src\\Illuminate\\Foundation\\Http\\Kernel.php(176): Illuminate\\Pipeline\\Pipeline->then(Object(Closure))
#42 C:\\Users\\VICTOR PASINGA\\Documents\\GitHub\\Proyecto-PcStore-SENA\\laravel-PcStore-SENA\\vendor\\laravel\\framework\\src\\Illuminate\\Foundation\\Http\\Kernel.php(145): Illuminate\\Foundation\\Http\\Kernel->sendRequestThroughRouter(Object(Illuminate\\Http\\Request))
#43 C:\\Users\\VICTOR PASINGA\\Documents\\GitHub\\Proyecto-PcStore-SENA\\laravel-PcStore-SENA\\vendor\\laravel\\framework\\src\\Illuminate\\Foundation\\Application.php(1188): Illuminate\\Foundation\\Http\\Kernel->handle(Object(Illuminate\\Http\\Request))
#44 C:\\Users\\VICTOR PASINGA\\Documents\\GitHub\\Proyecto-PcStore-SENA\\laravel-PcStore-SENA\\public\\index.php(17): Illuminate\\Foundation\\Application->handleRequest(Object(Illuminate\\Http\\Request))
#45 C:\\Users\\VICTOR PASINGA\\Documents\\GitHub\\Proyecto-PcStore-SENA\\laravel-PcStore-SENA\\vendor\\laravel\\framework\\src\\Illuminate\\Foundation\\resources\\server.php(23): require_once('C:\\\\Users\\\\VICTOR...')
#46 {main}
"} 
[2024-11-06 20:42:54] production.ERROR: No application encryption key has been specified. {"exception":"[object] (Illuminate\\Encryption\\MissingAppKeyException(code: 0): No application encryption key has been specified. at C:\\Users\\VICTOR PASINGA\\Documents\\GitHub\\Proyecto-PcStore-SENA\\laravel-PcStore-SENA\\vendor\\laravel\\framework\\src\\Illuminate\\Encryption\\EncryptionServiceProvider.php:83)
[stacktrace]
#0 C:\\Users\\VICTOR PASINGA\\Documents\\GitHub\\Proyecto-PcStore-SENA\\laravel-PcStore-SENA\\vendor\\laravel\\framework\\src\\Illuminate\\Support\\helpers.php(380): Illuminate\\Encryption\\EncryptionServiceProvider->Illuminate\\Encryption\\{closure}(NULL)
#1 C:\\Users\\VICTOR PASINGA\\Documents\\GitHub\\Proyecto-PcStore-SENA\\laravel-PcStore-SENA\\vendor\\laravel\\framework\\src\\Illuminate\\Encryption\\EncryptionServiceProvider.php(81): tap(NULL, Object(Closure))
#2 C:\\Users\\VICTOR PASINGA\\Documents\\GitHub\\Proyecto-PcStore-SENA\\laravel-PcStore-SENA\\vendor\\laravel\\framework\\src\\Illuminate\\Encryption\\EncryptionServiceProvider.php(64): Illuminate\\Encryption\\EncryptionServiceProvider->key(Array)
#3 C:\\Users\\VICTOR PASINGA\\Documents\\GitHub\\Proyecto-PcStore-SENA\\laravel-PcStore-SENA\\vendor\\laravel\\framework\\src\\Illuminate\\Encryption\\EncryptionServiceProvider.php(32): Illuminate\\Encryption\\EncryptionServiceProvider->parseKey(Array)
#4 C:\\Users\\VICTOR PASINGA\\Documents\\GitHub\\Proyecto-PcStore-SENA\\laravel-PcStore-SENA\\vendor\\laravel\\framework\\src\\Illuminate\\Container\\Container.php(931): Illuminate\\Encryption\\EncryptionServiceProvider->Illuminate\\Encryption\\{closure}(Object(Illuminate\\Foundation\\Application), Array)
#5 C:\\Users\\VICTOR PASINGA\\Documents\\GitHub\\Proyecto-PcStore-SENA\\laravel-PcStore-SENA\\vendor\\laravel\\framework\\src\\Illuminate\\Container\\Container.php(815): Illuminate\\Container\\Container->build(Object(Closure))
#6 C:\\Users\\VICTOR PASINGA\\Documents\\GitHub\\Proyecto-PcStore-SENA\\laravel-PcStore-SENA\\vendor\\laravel\\framework\\src\\Illuminate\\Foundation\\Application.php(1046): Illuminate\\Container\\Container->resolve('encrypter', Array, true)
#7 C:\\Users\\VICTOR PASINGA\\Documents\\GitHub\\Proyecto-PcStore-SENA\\laravel-PcStore-SENA\\vendor\\laravel\\framework\\src\\Illuminate\\Container\\Container.php(751): Illuminate\\Foundation\\Application->resolve('encrypter', Array)
#8 C:\\Users\\VICTOR PASINGA\\Documents\\GitHub\\Proyecto-PcStore-SENA\\laravel-PcStore-SENA\\vendor\\laravel\\framework\\src\\Illuminate\\Foundation\\Application.php(1028): Illuminate\\Container\\Container->make('encrypter', Array)
#9 C:\\Users\\VICTOR PASINGA\\Documents\\GitHub\\Proyecto-PcStore-SENA\\laravel-PcStore-SENA\\vendor\\laravel\\framework\\src\\Illuminate\\Container\\Container.php(1112): Illuminate\\Foundation\\Application->make('encrypter')
#10 C:\\Users\\VICTOR PASINGA\\Documents\\GitHub\\Proyecto-PcStore-SENA\\laravel-PcStore-SENA\\vendor\\laravel\\framework\\src\\Illuminate\\Container\\Container.php(1022): Illuminate\\Container\\Container->resolveClass(Object(ReflectionParameter))
#11 C:\\Users\\VICTOR PASINGA\\Documents\\GitHub\\Proyecto-PcStore-SENA\\laravel-PcStore-SENA\\vendor\\laravel\\framework\\src\\Illuminate\\Container\\Container.php(973): Illuminate\\Container\\Container->resolveDependencies(Array)
#12 C:\\Users\\VICTOR PASINGA\\Documents\\GitHub\\Proyecto-PcStore-SENA\\laravel-PcStore-SENA\\vendor\\laravel\\framework\\src\\Illuminate\\Container\\Container.php(815): Illuminate\\Container\\Container->build('Illuminate\\\\Cook...')
#13 C:\\Users\\VICTOR PASINGA\\Documents\\GitHub\\Proyecto-PcStore-SENA\\laravel-PcStore-SENA\\vendor\\laravel\\framework\\src\\Illuminate\\Foundation\\Application.php(1046): Illuminate\\Container\\Container->resolve('Illuminate\\\\Cook...', Array, true)
#14 C:\\Users\\VICTOR PASINGA\\Documents\\GitHub\\Proyecto-PcStore-SENA\\laravel-PcStore-SENA\\vendor\\laravel\\framework\\src\\Illuminate\\Container\\Container.php(751): Illuminate\\Foundation\\Application->resolve('Illuminate\\\\Cook...', Array)
#15 C:\\Users\\VICTOR PASINGA\\Documents\\GitHub\\Proyecto-PcStore-SENA\\laravel-PcStore-SENA\\vendor\\laravel\\framework\\src\\Illuminate\\Foundation\\Application.php(1028): Illuminate\\Container\\Container->make('Illuminate\\\\Cook...', Array)
#16 C:\\Users\\VICTOR PASINGA\\Documents\\GitHub\\Proyecto-PcStore-SENA\\laravel-PcStore-SENA\\vendor\\laravel\\framework\\src\\Illuminate\\Foundation\\Http\\Kernel.php(258): Illuminate\\Foundation\\Application->make('Illuminate\\\\Cook...')
#17 C:\\Users\\VICTOR PASINGA\\Documents\\GitHub\\Proyecto-PcStore-SENA\\laravel-PcStore-SENA\\vendor\\laravel\\framework\\src\\Illuminate\\Foundation\\Http\\Kernel.php(216): Illuminate\\Foundation\\Http\\Kernel->terminateMiddleware(Object(Illuminate\\Http\\Request), Object(Illuminate\\Http\\Response))
#18 C:\\Users\\VICTOR PASINGA\\Documents\\GitHub\\Proyecto-PcStore-SENA\\laravel-PcStore-SENA\\vendor\\laravel\\framework\\src\\Illuminate\\Foundation\\Application.php(1190): Illuminate\\Foundation\\Http\\Kernel->terminate(Object(Illuminate\\Http\\Request), Object(Illuminate\\Http\\Response))
#19 C:\\Users\\VICTOR PASINGA\\Documents\\GitHub\\Proyecto-PcStore-SENA\\laravel-PcStore-SENA\\public\\index.php(17): Illuminate\\Foundation\\Application->handleRequest(Object(Illuminate\\Http\\Request))
#20 C:\\Users\\VICTOR PASINGA\\Documents\\GitHub\\Proyecto-PcStore-SENA\\laravel-PcStore-SENA\\vendor\\laravel\\framework\\src\\Illuminate\\Foundation\\resources\\server.php(23): require_once('C:\\\\Users\\\\VICTOR...')
#21 {main}
"} 
[2024-11-06 22:24:42] local.ERROR: Database file at path [C:\Users\VICTOR PASINGA\Documents\GitHub\Proyecto-PcStore-SENA\laravel-PcStore-SENA\database\database.sqlite] does not exist. Ensure this is an absolute path to the database. (Connection: sqlite, SQL: select exists (select 1 from sqlite_master where name = 'migrations' and type = 'table') as "exists") {"exception":"[object] (Illuminate\\Database\\QueryException(code: 0): Database file at path [C:\\Users\\VICTOR PASINGA\\Documents\\GitHub\\Proyecto-PcStore-SENA\\laravel-PcStore-SENA\\database\\database.sqlite] does not exist. Ensure this is an absolute path to the database. (Connection: sqlite, SQL: select exists (select 1 from sqlite_master where name = 'migrations' and type = 'table') as \"exists\") at C:\\Users\\VICTOR PASINGA\\Documents\\GitHub\\Proyecto-PcStore-SENA\\laravel-PcStore-SENA\\vendor\\laravel\\framework\\src\\Illuminate\\Database\\Connection.php:825)
[stacktrace]
#0 C:\\Users\\VICTOR PASINGA\\Documents\\GitHub\\Proyecto-PcStore-SENA\\laravel-PcStore-SENA\\vendor\\laravel\\framework\\src\\Illuminate\\Database\\Connection.php(779): Illuminate\\Database\\Connection->runQueryCallback('select exists (...', Array, Object(Closure))
#1 C:\\Users\\VICTOR PASINGA\\Documents\\GitHub\\Proyecto-PcStore-SENA\\laravel-PcStore-SENA\\vendor\\laravel\\framework\\src\\Illuminate\\Database\\Connection.php(398): Illuminate\\Database\\Connection->run('select exists (...', Array, Object(Closure))
#2 C:\\Users\\VICTOR PASINGA\\Documents\\GitHub\\Proyecto-PcStore-SENA\\laravel-PcStore-SENA\\vendor\\laravel\\framework\\src\\Illuminate\\Database\\Connection.php(344): Illuminate\\Database\\Connection->select('select exists (...', Array, true)
#3 C:\\Users\\VICTOR PASINGA\\Documents\\GitHub\\Proyecto-PcStore-SENA\\laravel-PcStore-SENA\\vendor\\laravel\\framework\\src\\Illuminate\\Database\\Connection.php(361): Illuminate\\Database\\Connection->selectOne('select exists (...', Array, true)
#4 C:\\Users\\VICTOR PASINGA\\Documents\\GitHub\\Proyecto-PcStore-SENA\\laravel-PcStore-SENA\\vendor\\laravel\\framework\\src\\Illuminate\\Database\\Schema\\SQLiteBuilder.php(44): Illuminate\\Database\\Connection->scalar('select exists (...')
#5 C:\\Users\\VICTOR PASINGA\\Documents\\GitHub\\Proyecto-PcStore-SENA\\laravel-PcStore-SENA\\vendor\\laravel\\framework\\src\\Illuminate\\Database\\Migrations\\DatabaseMigrationRepository.php(184): Illuminate\\Database\\Schema\\SQLiteBuilder->hasTable('migrations')
#6 C:\\Users\\VICTOR PASINGA\\Documents\\GitHub\\Proyecto-PcStore-SENA\\laravel-PcStore-SENA\\vendor\\laravel\\framework\\src\\Illuminate\\Database\\Migrations\\Migrator.php(680): Illuminate\\Database\\Migrations\\DatabaseMigrationRepository->repositoryExists()
#7 C:\\Users\\VICTOR PASINGA\\Documents\\GitHub\\Proyecto-PcStore-SENA\\laravel-PcStore-SENA\\vendor\\laravel\\framework\\src\\Illuminate\\Database\\Console\\Migrations\\MigrateCommand.php(164): Illuminate\\Database\\Migrations\\Migrator->repositoryExists()
#8 C:\\Users\\VICTOR PASINGA\\Documents\\GitHub\\Proyecto-PcStore-SENA\\laravel-PcStore-SENA\\vendor\\laravel\\framework\\src\\Illuminate\\Support\\helpers.php(319): Illuminate\\Database\\Console\\Migrations\\MigrateCommand->Illuminate\\Database\\Console\\Migrations\\{closure}(1)
#9 C:\\Users\\VICTOR PASINGA\\Documents\\GitHub\\Proyecto-PcStore-SENA\\laravel-PcStore-SENA\\vendor\\laravel\\framework\\src\\Illuminate\\Database\\Console\\Migrations\\MigrateCommand.php(164): retry(1, Object(Closure), 0, Object(Closure))
#10 C:\\Users\\VICTOR PASINGA\\Documents\\GitHub\\Proyecto-PcStore-SENA\\laravel-PcStore-SENA\\vendor\\laravel\\framework\\src\\Illuminate\\Database\\Console\\Migrations\\MigrateCommand.php(140): Illuminate\\Database\\Console\\Migrations\\MigrateCommand->repositoryExists()
#11 C:\\Users\\VICTOR PASINGA\\Documents\\GitHub\\Proyecto-PcStore-SENA\\laravel-PcStore-SENA\\vendor\\laravel\\framework\\src\\Illuminate\\Database\\Console\\Migrations\\MigrateCommand.php(110): Illuminate\\Database\\Console\\Migrations\\MigrateCommand->prepareDatabase()
#12 C:\\Users\\VICTOR PASINGA\\Documents\\GitHub\\Proyecto-PcStore-SENA\\laravel-PcStore-SENA\\vendor\\laravel\\framework\\src\\Illuminate\\Database\\Migrations\\Migrator.php(615): Illuminate\\Database\\Console\\Migrations\\MigrateCommand->Illuminate\\Database\\Console\\Migrations\\{closure}()
#13 C:\\Users\\VICTOR PASINGA\\Documents\\GitHub\\Proyecto-PcStore-SENA\\laravel-PcStore-SENA\\vendor\\laravel\\framework\\src\\Illuminate\\Database\\Console\\Migrations\\MigrateCommand.php(109): Illuminate\\Database\\Migrations\\Migrator->usingConnection(NULL, Object(Closure))
#14 C:\\Users\\VICTOR PASINGA\\Documents\\GitHub\\Proyecto-PcStore-SENA\\laravel-PcStore-SENA\\vendor\\laravel\\framework\\src\\Illuminate\\Database\\Console\\Migrations\\MigrateCommand.php(88): Illuminate\\Database\\Console\\Migrations\\MigrateCommand->runMigrations()
#15 C:\\Users\\VICTOR PASINGA\\Documents\\GitHub\\Proyecto-PcStore-SENA\\laravel-PcStore-SENA\\vendor\\laravel\\framework\\src\\Illuminate\\Container\\BoundMethod.php(36): Illuminate\\Database\\Console\\Migrations\\MigrateCommand->handle()
#16 C:\\Users\\VICTOR PASINGA\\Documents\\GitHub\\Proyecto-PcStore-SENA\\laravel-PcStore-SENA\\vendor\\laravel\\framework\\src\\Illuminate\\Container\\Util.php(43): Illuminate\\Container\\BoundMethod::Illuminate\\Container\\{closure}()
#17 C:\\Users\\VICTOR PASINGA\\Documents\\GitHub\\Proyecto-PcStore-SENA\\laravel-PcStore-SENA\\vendor\\laravel\\framework\\src\\Illuminate\\Container\\BoundMethod.php(95): Illuminate\\Container\\Util::unwrapIfClosure(Object(Closure))
#18 C:\\Users\\VICTOR PASINGA\\Documents\\GitHub\\Proyecto-PcStore-SENA\\laravel-PcStore-SENA\\vendor\\laravel\\framework\\src\\Illuminate\\Container\\BoundMethod.php(35): Illuminate\\Container\\BoundMethod::callBoundMethod(Object(Illuminate\\Foundation\\Application), Array, Object(Closure))
#19 C:\\Users\\VICTOR PASINGA\\Documents\\GitHub\\Proyecto-PcStore-SENA\\laravel-PcStore-SENA\\vendor\\laravel\\framework\\src\\Illuminate\\Container\\Container.php(690): Illuminate\\Container\\BoundMethod::call(Object(Illuminate\\Foundation\\Application), Array, Array, NULL)
#20 C:\\Users\\VICTOR PASINGA\\Documents\\GitHub\\Proyecto-PcStore-SENA\\laravel-PcStore-SENA\\vendor\\laravel\\framework\\src\\Illuminate\\Console\\Command.php(213): Illuminate\\Container\\Container->call(Array)
#21 C:\\Users\\VICTOR PASINGA\\Documents\\GitHub\\Proyecto-PcStore-SENA\\laravel-PcStore-SENA\\vendor\\symfony\\console\\Command\\Command.php(279): Illuminate\\Console\\Command->execute(Object(Symfony\\Component\\Console\\Input\\ArgvInput), Object(Illuminate\\Console\\OutputStyle))
#22 C:\\Users\\VICTOR PASINGA\\Documents\\GitHub\\Proyecto-PcStore-SENA\\laravel-PcStore-SENA\\vendor\\laravel\\framework\\src\\Illuminate\\Console\\Command.php(182): Symfony\\Component\\Console\\Command\\Command->run(Object(Symfony\\Component\\Console\\Input\\ArgvInput), Object(Illuminate\\Console\\OutputStyle))
#23 C:\\Users\\VICTOR PASINGA\\Documents\\GitHub\\Proyecto-PcStore-SENA\\laravel-PcStore-SENA\\vendor\\symfony\\console\\Application.php(1047): Illuminate\\Console\\Command->run(Object(Symfony\\Component\\Console\\Input\\ArgvInput), Object(Symfony\\Component\\Console\\Output\\ConsoleOutput))
#24 C:\\Users\\VICTOR PASINGA\\Documents\\GitHub\\Proyecto-PcStore-SENA\\laravel-PcStore-SENA\\vendor\\symfony\\console\\Application.php(316): Symfony\\Component\\Console\\Application->doRunCommand(Object(Illuminate\\Database\\Console\\Migrations\\MigrateCommand), Object(Symfony\\Component\\Console\\Input\\ArgvInput), Object(Symfony\\Component\\Console\\Output\\ConsoleOutput))
#25 C:\\Users\\VICTOR PASINGA\\Documents\\GitHub\\Proyecto-PcStore-SENA\\laravel-PcStore-SENA\\vendor\\symfony\\console\\Application.php(167): Symfony\\Component\\Console\\Application->doRun(Object(Symfony\\Component\\Console\\Input\\ArgvInput), Object(Symfony\\Component\\Console\\Output\\ConsoleOutput))
#26 C:\\Users\\VICTOR PASINGA\\Documents\\GitHub\\Proyecto-PcStore-SENA\\laravel-PcStore-SENA\\vendor\\laravel\\framework\\src\\Illuminate\\Foundation\\Console\\Kernel.php(197): Symfony\\Component\\Console\\Application->run(Object(Symfony\\Component\\Console\\Input\\ArgvInput), Object(Symfony\\Component\\Console\\Output\\ConsoleOutput))
#27 C:\\Users\\VICTOR PASINGA\\Documents\\GitHub\\Proyecto-PcStore-SENA\\laravel-PcStore-SENA\\vendor\\laravel\\framework\\src\\Illuminate\\Foundation\\Application.php(1203): Illuminate\\Foundation\\Console\\Kernel->handle(Object(Symfony\\Component\\Console\\Input\\ArgvInput), Object(Symfony\\Component\\Console\\Output\\ConsoleOutput))
#28 C:\\Users\\VICTOR PASINGA\\Documents\\GitHub\\Proyecto-PcStore-SENA\\laravel-PcStore-SENA\\artisan(13): Illuminate\\Foundation\\Application->handleCommand(Object(Symfony\\Component\\Console\\Input\\ArgvInput))
#29 {main}

[previous exception] [object] (Illuminate\\Database\\SQLiteDatabaseDoesNotExistException(code: 0): Database file at path [C:\\Users\\VICTOR PASINGA\\Documents\\GitHub\\Proyecto-PcStore-SENA\\laravel-PcStore-SENA\\database\\database.sqlite] does not exist. Ensure this is an absolute path to the database. at C:\\Users\\VICTOR PASINGA\\Documents\\GitHub\\Proyecto-PcStore-SENA\\laravel-PcStore-SENA\\vendor\\laravel\\framework\\src\\Illuminate\\Database\\Connectors\\SQLiteConnector.php:34)
[stacktrace]
#0 C:\\Users\\VICTOR PASINGA\\Documents\\GitHub\\Proyecto-PcStore-SENA\\laravel-PcStore-SENA\\vendor\\laravel\\framework\\src\\Illuminate\\Database\\Connectors\\ConnectionFactory.php(224): Illuminate\\Database\\Connectors\\SQLiteConnector->connect(Array)
#1 [internal function]: Illuminate\\Database\\Connectors\\ConnectionFactory->Illuminate\\Database\\Connectors\\{closure}()
#2 C:\\Users\\VICTOR PASINGA\\Documents\\GitHub\\Proyecto-PcStore-SENA\\laravel-PcStore-SENA\\vendor\\laravel\\framework\\src\\Illuminate\\Database\\Connection.php(1231): call_user_func(Object(Closure))
#3 C:\\Users\\VICTOR PASINGA\\Documents\\GitHub\\Proyecto-PcStore-SENA\\laravel-PcStore-SENA\\vendor\\laravel\\framework\\src\\Illuminate\\Database\\Connection.php(1267): Illuminate\\Database\\Connection->getPdo()
#4 C:\\Users\\VICTOR PASINGA\\Documents\\GitHub\\Proyecto-PcStore-SENA\\laravel-PcStore-SENA\\vendor\\laravel\\framework\\src\\Illuminate\\Database\\Connection.php(512): Illuminate\\Database\\Connection->getReadPdo()
#5 C:\\Users\\VICTOR PASINGA\\Documents\\GitHub\\Proyecto-PcStore-SENA\\laravel-PcStore-SENA\\vendor\\laravel\\framework\\src\\Illuminate\\Database\\Connection.php(407): Illuminate\\Database\\Connection->getPdoForSelect(true)
#6 C:\\Users\\VICTOR PASINGA\\Documents\\GitHub\\Proyecto-PcStore-SENA\\laravel-PcStore-SENA\\vendor\\laravel\\framework\\src\\Illuminate\\Database\\Connection.php(812): Illuminate\\Database\\Connection->Illuminate\\Database\\{closure}('select exists (...', Array)
#7 C:\\Users\\VICTOR PASINGA\\Documents\\GitHub\\Proyecto-PcStore-SENA\\laravel-PcStore-SENA\\vendor\\laravel\\framework\\src\\Illuminate\\Database\\Connection.php(779): Illuminate\\Database\\Connection->runQueryCallback('select exists (...', Array, Object(Closure))
#8 C:\\Users\\VICTOR PASINGA\\Documents\\GitHub\\Proyecto-PcStore-SENA\\laravel-PcStore-SENA\\vendor\\laravel\\framework\\src\\Illuminate\\Database\\Connection.php(398): Illuminate\\Database\\Connection->run('select exists (...', Array, Object(Closure))
#9 C:\\Users\\VICTOR PASINGA\\Documents\\GitHub\\Proyecto-PcStore-SENA\\laravel-PcStore-SENA\\vendor\\laravel\\framework\\src\\Illuminate\\Database\\Connection.php(344): Illuminate\\Database\\Connection->select('select exists (...', Array, true)
#10 C:\\Users\\VICTOR PASINGA\\Documents\\GitHub\\Proyecto-PcStore-SENA\\laravel-PcStore-SENA\\vendor\\laravel\\framework\\src\\Illuminate\\Database\\Connection.php(361): Illuminate\\Database\\Connection->selectOne('select exists (...', Array, true)
#11 C:\\Users\\VICTOR PASINGA\\Documents\\GitHub\\Proyecto-PcStore-SENA\\laravel-PcStore-SENA\\vendor\\laravel\\framework\\src\\Illuminate\\Database\\Schema\\SQLiteBuilder.php(44): Illuminate\\Database\\Connection->scalar('select exists (...')
#12 C:\\Users\\VICTOR PASINGA\\Documents\\GitHub\\Proyecto-PcStore-SENA\\laravel-PcStore-SENA\\vendor\\laravel\\framework\\src\\Illuminate\\Database\\Migrations\\DatabaseMigrationRepository.php(184): Illuminate\\Database\\Schema\\SQLiteBuilder->hasTable('migrations')
#13 C:\\Users\\VICTOR PASINGA\\Documents\\GitHub\\Proyecto-PcStore-SENA\\laravel-PcStore-SENA\\vendor\\laravel\\framework\\src\\Illuminate\\Database\\Migrations\\Migrator.php(680): Illuminate\\Database\\Migrations\\DatabaseMigrationRepository->repositoryExists()
#14 C:\\Users\\VICTOR PASINGA\\Documents\\GitHub\\Proyecto-PcStore-SENA\\laravel-PcStore-SENA\\vendor\\laravel\\framework\\src\\Illuminate\\Database\\Console\\Migrations\\MigrateCommand.php(164): Illuminate\\Database\\Migrations\\Migrator->repositoryExists()
#15 C:\\Users\\VICTOR PASINGA\\Documents\\GitHub\\Proyecto-PcStore-SENA\\laravel-PcStore-SENA\\vendor\\laravel\\framework\\src\\Illuminate\\Support\\helpers.php(319): Illuminate\\Database\\Console\\Migrations\\MigrateCommand->Illuminate\\Database\\Console\\Migrations\\{closure}(1)
#16 C:\\Users\\VICTOR PASINGA\\Documents\\GitHub\\Proyecto-PcStore-SENA\\laravel-PcStore-SENA\\vendor\\laravel\\framework\\src\\Illuminate\\Database\\Console\\Migrations\\MigrateCommand.php(164): retry(1, Object(Closure), 0, Object(Closure))
#17 C:\\Users\\VICTOR PASINGA\\Documents\\GitHub\\Proyecto-PcStore-SENA\\laravel-PcStore-SENA\\vendor\\laravel\\framework\\src\\Illuminate\\Database\\Console\\Migrations\\MigrateCommand.php(140): Illuminate\\Database\\Console\\Migrations\\MigrateCommand->repositoryExists()
#18 C:\\Users\\VICTOR PASINGA\\Documents\\GitHub\\Proyecto-PcStore-SENA\\laravel-PcStore-SENA\\vendor\\laravel\\framework\\src\\Illuminate\\Database\\Console\\Migrations\\MigrateCommand.php(110): Illuminate\\Database\\Console\\Migrations\\MigrateCommand->prepareDatabase()
#19 C:\\Users\\VICTOR PASINGA\\Documents\\GitHub\\Proyecto-PcStore-SENA\\laravel-PcStore-SENA\\vendor\\laravel\\framework\\src\\Illuminate\\Database\\Migrations\\Migrator.php(615): Illuminate\\Database\\Console\\Migrations\\MigrateCommand->Illuminate\\Database\\Console\\Migrations\\{closure}()
#20 C:\\Users\\VICTOR PASINGA\\Documents\\GitHub\\Proyecto-PcStore-SENA\\laravel-PcStore-SENA\\vendor\\laravel\\framework\\src\\Illuminate\\Database\\Console\\Migrations\\MigrateCommand.php(109): Illuminate\\Database\\Migrations\\Migrator->usingConnection(NULL, Object(Closure))
#21 C:\\Users\\VICTOR PASINGA\\Documents\\GitHub\\Proyecto-PcStore-SENA\\laravel-PcStore-SENA\\vendor\\laravel\\framework\\src\\Illuminate\\Database\\Console\\Migrations\\MigrateCommand.php(88): Illuminate\\Database\\Console\\Migrations\\MigrateCommand->runMigrations()
#22 C:\\Users\\VICTOR PASINGA\\Documents\\GitHub\\Proyecto-PcStore-SENA\\laravel-PcStore-SENA\\vendor\\laravel\\framework\\src\\Illuminate\\Container\\BoundMethod.php(36): Illuminate\\Database\\Console\\Migrations\\MigrateCommand->handle()
#23 C:\\Users\\VICTOR PASINGA\\Documents\\GitHub\\Proyecto-PcStore-SENA\\laravel-PcStore-SENA\\vendor\\laravel\\framework\\src\\Illuminate\\Container\\Util.php(43): Illuminate\\Container\\BoundMethod::Illuminate\\Container\\{closure}()
#24 C:\\Users\\VICTOR PASINGA\\Documents\\GitHub\\Proyecto-PcStore-SENA\\laravel-PcStore-SENA\\vendor\\laravel\\framework\\src\\Illuminate\\Container\\BoundMethod.php(95): Illuminate\\Container\\Util::unwrapIfClosure(Object(Closure))
#25 C:\\Users\\VICTOR PASINGA\\Documents\\GitHub\\Proyecto-PcStore-SENA\\laravel-PcStore-SENA\\vendor\\laravel\\framework\\src\\Illuminate\\Container\\BoundMethod.php(35): Illuminate\\Container\\BoundMethod::callBoundMethod(Object(Illuminate\\Foundation\\Application), Array, Object(Closure))
#26 C:\\Users\\VICTOR PASINGA\\Documents\\GitHub\\Proyecto-PcStore-SENA\\laravel-PcStore-SENA\\vendor\\laravel\\framework\\src\\Illuminate\\Container\\Container.php(690): Illuminate\\Container\\BoundMethod::call(Object(Illuminate\\Foundation\\Application), Array, Array, NULL)
#27 C:\\Users\\VICTOR PASINGA\\Documents\\GitHub\\Proyecto-PcStore-SENA\\laravel-PcStore-SENA\\vendor\\laravel\\framework\\src\\Illuminate\\Console\\Command.php(213): Illuminate\\Container\\Container->call(Array)
#28 C:\\Users\\VICTOR PASINGA\\Documents\\GitHub\\Proyecto-PcStore-SENA\\laravel-PcStore-SENA\\vendor\\symfony\\console\\Command\\Command.php(279): Illuminate\\Console\\Command->execute(Object(Symfony\\Component\\Console\\Input\\ArgvInput), Object(Illuminate\\Console\\OutputStyle))
#29 C:\\Users\\VICTOR PASINGA\\Documents\\GitHub\\Proyecto-PcStore-SENA\\laravel-PcStore-SENA\\vendor\\laravel\\framework\\src\\Illuminate\\Console\\Command.php(182): Symfony\\Component\\Console\\Command\\Command->run(Object(Symfony\\Component\\Console\\Input\\ArgvInput), Object(Illuminate\\Console\\OutputStyle))
#30 C:\\Users\\VICTOR PASINGA\\Documents\\GitHub\\Proyecto-PcStore-SENA\\laravel-PcStore-SENA\\vendor\\symfony\\console\\Application.php(1047): Illuminate\\Console\\Command->run(Object(Symfony\\Component\\Console\\Input\\ArgvInput), Object(Symfony\\Component\\Console\\Output\\ConsoleOutput))
#31 C:\\Users\\VICTOR PASINGA\\Documents\\GitHub\\Proyecto-PcStore-SENA\\laravel-PcStore-SENA\\vendor\\symfony\\console\\Application.php(316): Symfony\\Component\\Console\\Application->doRunCommand(Object(Illuminate\\Database\\Console\\Migrations\\MigrateCommand), Object(Symfony\\Component\\Console\\Input\\ArgvInput), Object(Symfony\\Component\\Console\\Output\\ConsoleOutput))
#32 C:\\Users\\VICTOR PASINGA\\Documents\\GitHub\\Proyecto-PcStore-SENA\\laravel-PcStore-SENA\\vendor\\symfony\\console\\Application.php(167): Symfony\\Component\\Console\\Application->doRun(Object(Symfony\\Component\\Console\\Input\\ArgvInput), Object(Symfony\\Component\\Console\\Output\\ConsoleOutput))
#33 C:\\Users\\VICTOR PASINGA\\Documents\\GitHub\\Proyecto-PcStore-SENA\\laravel-PcStore-SENA\\vendor\\laravel\\framework\\src\\Illuminate\\Foundation\\Console\\Kernel.php(197): Symfony\\Component\\Console\\Application->run(Object(Symfony\\Component\\Console\\Input\\ArgvInput), Object(Symfony\\Component\\Console\\Output\\ConsoleOutput))
#34 C:\\Users\\VICTOR PASINGA\\Documents\\GitHub\\Proyecto-PcStore-SENA\\laravel-PcStore-SENA\\vendor\\laravel\\framework\\src\\Illuminate\\Foundation\\Application.php(1203): Illuminate\\Foundation\\Console\\Kernel->handle(Object(Symfony\\Component\\Console\\Input\\ArgvInput), Object(Symfony\\Component\\Console\\Output\\ConsoleOutput))
#35 C:\\Users\\VICTOR PASINGA\\Documents\\GitHub\\Proyecto-PcStore-SENA\\laravel-PcStore-SENA\\artisan(13): Illuminate\\Foundation\\Application->handleCommand(Object(Symfony\\Component\\Console\\Input\\ArgvInput))
#36 {main}
"} 
[2024-11-06 22:24:59] local.ERROR: SQLSTATE[42S01]: Base table or view already exists: 1050 Table 'users' already exists (Connection: mysql, SQL: create table `users` (`id` bigint unsigned not null auto_increment primary key, `created_at` timestamp null, `updated_at` timestamp null) default character set utf8mb4 collate 'utf8mb4_unicode_ci') {"exception":"[object] (Illuminate\\Database\\QueryException(code: 42S01): SQLSTATE[42S01]: Base table or view already exists: 1050 Table 'users' already exists (Connection: mysql, SQL: create table `users` (`id` bigint unsigned not null auto_increment primary key, `created_at` timestamp null, `updated_at` timestamp null) default character set utf8mb4 collate 'utf8mb4_unicode_ci') at C:\\Users\\VICTOR PASINGA\\Documents\\GitHub\\Proyecto-PcStore-SENA\\laravel-PcStore-SENA\\vendor\\laravel\\framework\\src\\Illuminate\\Database\\Connection.php:825)
[stacktrace]
#0 C:\\Users\\VICTOR PASINGA\\Documents\\GitHub\\Proyecto-PcStore-SENA\\laravel-PcStore-SENA\\vendor\\laravel\\framework\\src\\Illuminate\\Database\\Connection.php(779): Illuminate\\Database\\Connection->runQueryCallback('create table `u...', Array, Object(Closure))
#1 C:\\Users\\VICTOR PASINGA\\Documents\\GitHub\\Proyecto-PcStore-SENA\\laravel-PcStore-SENA\\vendor\\laravel\\framework\\src\\Illuminate\\Database\\Connection.php(560): Illuminate\\Database\\Connection->run('create table `u...', Array, Object(Closure))
#2 C:\\Users\\VICTOR PASINGA\\Documents\\GitHub\\Proyecto-PcStore-SENA\\laravel-PcStore-SENA\\vendor\\laravel\\framework\\src\\Illuminate\\Database\\Schema\\Blueprint.php(117): Illuminate\\Database\\Connection->statement('create table `u...')
#3 C:\\Users\\VICTOR PASINGA\\Documents\\GitHub\\Proyecto-PcStore-SENA\\laravel-PcStore-SENA\\vendor\\laravel\\framework\\src\\Illuminate\\Database\\Schema\\Builder.php(564): Illuminate\\Database\\Schema\\Blueprint->build(Object(Illuminate\\Database\\MySqlConnection), Object(Illuminate\\Database\\Schema\\Grammars\\MySqlGrammar))
#4 C:\\Users\\VICTOR PASINGA\\Documents\\GitHub\\Proyecto-PcStore-SENA\\laravel-PcStore-SENA\\vendor\\laravel\\framework\\src\\Illuminate\\Database\\Schema\\Builder.php(418): Illuminate\\Database\\Schema\\Builder->build(Object(Illuminate\\Database\\Schema\\Blueprint))
#5 C:\\Users\\VICTOR PASINGA\\Documents\\GitHub\\Proyecto-PcStore-SENA\\laravel-PcStore-SENA\\vendor\\laravel\\framework\\src\\Illuminate\\Support\\Facades\\Facade.php(358): Illuminate\\Database\\Schema\\Builder->create('users', Object(Closure))
#6 C:\\Users\\VICTOR PASINGA\\Documents\\GitHub\\Proyecto-PcStore-SENA\\laravel-PcStore-SENA\\database\\migrations\\2024_11_06_204435_create_users_table.php(14): Illuminate\\Support\\Facades\\Facade::__callStatic('create', Array)
#7 C:\\Users\\VICTOR PASINGA\\Documents\\GitHub\\Proyecto-PcStore-SENA\\laravel-PcStore-SENA\\vendor\\laravel\\framework\\src\\Illuminate\\Database\\Migrations\\Migrator.php(475): Illuminate\\Database\\Migrations\\Migration@anonymous->up()
#8 C:\\Users\\VICTOR PASINGA\\Documents\\GitHub\\Proyecto-PcStore-SENA\\laravel-PcStore-SENA\\vendor\\laravel\\framework\\src\\Illuminate\\Database\\Migrations\\Migrator.php(400): Illuminate\\Database\\Migrations\\Migrator->runMethod(Object(Illuminate\\Database\\MySqlConnection), Object(Illuminate\\Database\\Migrations\\Migration@anonymous), 'up')
#9 C:\\Users\\VICTOR PASINGA\\Documents\\GitHub\\Proyecto-PcStore-SENA\\laravel-PcStore-SENA\\vendor\\laravel\\framework\\src\\Illuminate\\Database\\Migrations\\Migrator.php(409): Illuminate\\Database\\Migrations\\Migrator->Illuminate\\Database\\Migrations\\{closure}()
#10 C:\\Users\\VICTOR PASINGA\\Documents\\GitHub\\Proyecto-PcStore-SENA\\laravel-PcStore-SENA\\vendor\\laravel\\framework\\src\\Illuminate\\Database\\Migrations\\Migrator.php(212): Illuminate\\Database\\Migrations\\Migrator->runMigration(Object(Illuminate\\Database\\Migrations\\Migration@anonymous), 'up')
#11 C:\\Users\\VICTOR PASINGA\\Documents\\GitHub\\Proyecto-PcStore-SENA\\laravel-PcStore-SENA\\vendor\\laravel\\framework\\src\\Illuminate\\Console\\View\\Components\\Task.php(40): Illuminate\\Database\\Migrations\\Migrator->Illuminate\\Database\\Migrations\\{closure}()
#12 C:\\Users\\VICTOR PASINGA\\Documents\\GitHub\\Proyecto-PcStore-SENA\\laravel-PcStore-SENA\\vendor\\laravel\\framework\\src\\Illuminate\\Database\\Migrations\\Migrator.php(736): Illuminate\\Console\\View\\Components\\Task->render('2024_11_06_2044...', Object(Closure))
#13 C:\\Users\\VICTOR PASINGA\\Documents\\GitHub\\Proyecto-PcStore-SENA\\laravel-PcStore-SENA\\vendor\\laravel\\framework\\src\\Illuminate\\Database\\Migrations\\Migrator.php(212): Illuminate\\Database\\Migrations\\Migrator->write('Illuminate\\\\Cons...', '2024_11_06_2044...', Object(Closure))
#14 C:\\Users\\VICTOR PASINGA\\Documents\\GitHub\\Proyecto-PcStore-SENA\\laravel-PcStore-SENA\\vendor\\laravel\\framework\\src\\Illuminate\\Database\\Migrations\\Migrator.php(179): Illuminate\\Database\\Migrations\\Migrator->runUp('C:\\\\Users\\\\VICTOR...', 1, false)
#15 C:\\Users\\VICTOR PASINGA\\Documents\\GitHub\\Proyecto-PcStore-SENA\\laravel-PcStore-SENA\\vendor\\laravel\\framework\\src\\Illuminate\\Database\\Migrations\\Migrator.php(122): Illuminate\\Database\\Migrations\\Migrator->runPending(Array, Array)
#16 C:\\Users\\VICTOR PASINGA\\Documents\\GitHub\\Proyecto-PcStore-SENA\\laravel-PcStore-SENA\\vendor\\laravel\\framework\\src\\Illuminate\\Database\\Console\\Migrations\\MigrateCommand.php(116): Illuminate\\Database\\Migrations\\Migrator->run(Array, Array)
#17 C:\\Users\\VICTOR PASINGA\\Documents\\GitHub\\Proyecto-PcStore-SENA\\laravel-PcStore-SENA\\vendor\\laravel\\framework\\src\\Illuminate\\Database\\Migrations\\Migrator.php(615): Illuminate\\Database\\Console\\Migrations\\MigrateCommand->Illuminate\\Database\\Console\\Migrations\\{closure}()
#18 C:\\Users\\VICTOR PASINGA\\Documents\\GitHub\\Proyecto-PcStore-SENA\\laravel-PcStore-SENA\\vendor\\laravel\\framework\\src\\Illuminate\\Database\\Console\\Migrations\\MigrateCommand.php(109): Illuminate\\Database\\Migrations\\Migrator->usingConnection(NULL, Object(Closure))
#19 C:\\Users\\VICTOR PASINGA\\Documents\\GitHub\\Proyecto-PcStore-SENA\\laravel-PcStore-SENA\\vendor\\laravel\\framework\\src\\Illuminate\\Database\\Console\\Migrations\\MigrateCommand.php(88): Illuminate\\Database\\Console\\Migrations\\MigrateCommand->runMigrations()
#20 C:\\Users\\VICTOR PASINGA\\Documents\\GitHub\\Proyecto-PcStore-SENA\\laravel-PcStore-SENA\\vendor\\laravel\\framework\\src\\Illuminate\\Container\\BoundMethod.php(36): Illuminate\\Database\\Console\\Migrations\\MigrateCommand->handle()
#21 C:\\Users\\VICTOR PASINGA\\Documents\\GitHub\\Proyecto-PcStore-SENA\\laravel-PcStore-SENA\\vendor\\laravel\\framework\\src\\Illuminate\\Container\\Util.php(43): Illuminate\\Container\\BoundMethod::Illuminate\\Container\\{closure}()
#22 C:\\Users\\VICTOR PASINGA\\Documents\\GitHub\\Proyecto-PcStore-SENA\\laravel-PcStore-SENA\\vendor\\laravel\\framework\\src\\Illuminate\\Container\\BoundMethod.php(95): Illuminate\\Container\\Util::unwrapIfClosure(Object(Closure))
#23 C:\\Users\\VICTOR PASINGA\\Documents\\GitHub\\Proyecto-PcStore-SENA\\laravel-PcStore-SENA\\vendor\\laravel\\framework\\src\\Illuminate\\Container\\BoundMethod.php(35): Illuminate\\Container\\BoundMethod::callBoundMethod(Object(Illuminate\\Foundation\\Application), Array, Object(Closure))
#24 C:\\Users\\VICTOR PASINGA\\Documents\\GitHub\\Proyecto-PcStore-SENA\\laravel-PcStore-SENA\\vendor\\laravel\\framework\\src\\Illuminate\\Container\\Container.php(690): Illuminate\\Container\\BoundMethod::call(Object(Illuminate\\Foundation\\Application), Array, Array, NULL)
#25 C:\\Users\\VICTOR PASINGA\\Documents\\GitHub\\Proyecto-PcStore-SENA\\laravel-PcStore-SENA\\vendor\\laravel\\framework\\src\\Illuminate\\Console\\Command.php(213): Illuminate\\Container\\Container->call(Array)
#26 C:\\Users\\VICTOR PASINGA\\Documents\\GitHub\\Proyecto-PcStore-SENA\\laravel-PcStore-SENA\\vendor\\symfony\\console\\Command\\Command.php(279): Illuminate\\Console\\Command->execute(Object(Symfony\\Component\\Console\\Input\\ArgvInput), Object(Illuminate\\Console\\OutputStyle))
#27 C:\\Users\\VICTOR PASINGA\\Documents\\GitHub\\Proyecto-PcStore-SENA\\laravel-PcStore-SENA\\vendor\\laravel\\framework\\src\\Illuminate\\Console\\Command.php(182): Symfony\\Component\\Console\\Command\\Command->run(Object(Symfony\\Component\\Console\\Input\\ArgvInput), Object(Illuminate\\Console\\OutputStyle))
#28 C:\\Users\\VICTOR PASINGA\\Documents\\GitHub\\Proyecto-PcStore-SENA\\laravel-PcStore-SENA\\vendor\\symfony\\console\\Application.php(1047): Illuminate\\Console\\Command->run(Object(Symfony\\Component\\Console\\Input\\ArgvInput), Object(Symfony\\Component\\Console\\Output\\ConsoleOutput))
#29 C:\\Users\\VICTOR PASINGA\\Documents\\GitHub\\Proyecto-PcStore-SENA\\laravel-PcStore-SENA\\vendor\\symfony\\console\\Application.php(316): Symfony\\Component\\Console\\Application->doRunCommand(Object(Illuminate\\Database\\Console\\Migrations\\MigrateCommand), Object(Symfony\\Component\\Console\\Input\\ArgvInput), Object(Symfony\\Component\\Console\\Output\\ConsoleOutput))
#30 C:\\Users\\VICTOR PASINGA\\Documents\\GitHub\\Proyecto-PcStore-SENA\\laravel-PcStore-SENA\\vendor\\symfony\\console\\Application.php(167): Symfony\\Component\\Console\\Application->doRun(Object(Symfony\\Component\\Console\\Input\\ArgvInput), Object(Symfony\\Component\\Console\\Output\\ConsoleOutput))
#31 C:\\Users\\VICTOR PASINGA\\Documents\\GitHub\\Proyecto-PcStore-SENA\\laravel-PcStore-SENA\\vendor\\laravel\\framework\\src\\Illuminate\\Foundation\\Console\\Kernel.php(197): Symfony\\Component\\Console\\Application->run(Object(Symfony\\Component\\Console\\Input\\ArgvInput), Object(Symfony\\Component\\Console\\Output\\ConsoleOutput))
#32 C:\\Users\\VICTOR PASINGA\\Documents\\GitHub\\Proyecto-PcStore-SENA\\laravel-PcStore-SENA\\vendor\\laravel\\framework\\src\\Illuminate\\Foundation\\Application.php(1203): Illuminate\\Foundation\\Console\\Kernel->handle(Object(Symfony\\Component\\Console\\Input\\ArgvInput), Object(Symfony\\Component\\Console\\Output\\ConsoleOutput))
#33 C:\\Users\\VICTOR PASINGA\\Documents\\GitHub\\Proyecto-PcStore-SENA\\laravel-PcStore-SENA\\artisan(13): Illuminate\\Foundation\\Application->handleCommand(Object(Symfony\\Component\\Console\\Input\\ArgvInput))
#34 {main}

[previous exception] [object] (PDOException(code: 42S01): SQLSTATE[42S01]: Base table or view already exists: 1050 Table 'users' already exists at C:\\Users\\VICTOR PASINGA\\Documents\\GitHub\\Proyecto-PcStore-SENA\\laravel-PcStore-SENA\\vendor\\laravel\\framework\\src\\Illuminate\\Database\\Connection.php:571)
[stacktrace]
#0 C:\\Users\\VICTOR PASINGA\\Documents\\GitHub\\Proyecto-PcStore-SENA\\laravel-PcStore-SENA\\vendor\\laravel\\framework\\src\\Illuminate\\Database\\Connection.php(571): PDOStatement->execute()
#1 C:\\Users\\VICTOR PASINGA\\Documents\\GitHub\\Proyecto-PcStore-SENA\\laravel-PcStore-SENA\\vendor\\laravel\\framework\\src\\Illuminate\\Database\\Connection.php(812): Illuminate\\Database\\Connection->Illuminate\\Database\\{closure}('create table `u...', Array)
#2 C:\\Users\\VICTOR PASINGA\\Documents\\GitHub\\Proyecto-PcStore-SENA\\laravel-PcStore-SENA\\vendor\\laravel\\framework\\src\\Illuminate\\Database\\Connection.php(779): Illuminate\\Database\\Connection->runQueryCallback('create table `u...', Array, Object(Closure))
#3 C:\\Users\\VICTOR PASINGA\\Documents\\GitHub\\Proyecto-PcStore-SENA\\laravel-PcStore-SENA\\vendor\\laravel\\framework\\src\\Illuminate\\Database\\Connection.php(560): Illuminate\\Database\\Connection->run('create table `u...', Array, Object(Closure))
#4 C:\\Users\\VICTOR PASINGA\\Documents\\GitHub\\Proyecto-PcStore-SENA\\laravel-PcStore-SENA\\vendor\\laravel\\framework\\src\\Illuminate\\Database\\Schema\\Blueprint.php(117): Illuminate\\Database\\Connection->statement('create table `u...')
#5 C:\\Users\\VICTOR PASINGA\\Documents\\GitHub\\Proyecto-PcStore-SENA\\laravel-PcStore-SENA\\vendor\\laravel\\framework\\src\\Illuminate\\Database\\Schema\\Builder.php(564): Illuminate\\Database\\Schema\\Blueprint->build(Object(Illuminate\\Database\\MySqlConnection), Object(Illuminate\\Database\\Schema\\Grammars\\MySqlGrammar))
#6 C:\\Users\\VICTOR PASINGA\\Documents\\GitHub\\Proyecto-PcStore-SENA\\laravel-PcStore-SENA\\vendor\\laravel\\framework\\src\\Illuminate\\Database\\Schema\\Builder.php(418): Illuminate\\Database\\Schema\\Builder->build(Object(Illuminate\\Database\\Schema\\Blueprint))
#7 C:\\Users\\VICTOR PASINGA\\Documents\\GitHub\\Proyecto-PcStore-SENA\\laravel-PcStore-SENA\\vendor\\laravel\\framework\\src\\Illuminate\\Support\\Facades\\Facade.php(358): Illuminate\\Database\\Schema\\Builder->create('users', Object(Closure))
#8 C:\\Users\\VICTOR PASINGA\\Documents\\GitHub\\Proyecto-PcStore-SENA\\laravel-PcStore-SENA\\database\\migrations\\2024_11_06_204435_create_users_table.php(14): Illuminate\\Support\\Facades\\Facade::__callStatic('create', Array)
#9 C:\\Users\\VICTOR PASINGA\\Documents\\GitHub\\Proyecto-PcStore-SENA\\laravel-PcStore-SENA\\vendor\\laravel\\framework\\src\\Illuminate\\Database\\Migrations\\Migrator.php(475): Illuminate\\Database\\Migrations\\Migration@anonymous->up()
#10 C:\\Users\\VICTOR PASINGA\\Documents\\GitHub\\Proyecto-PcStore-SENA\\laravel-PcStore-SENA\\vendor\\laravel\\framework\\src\\Illuminate\\Database\\Migrations\\Migrator.php(400): Illuminate\\Database\\Migrations\\Migrator->runMethod(Object(Illuminate\\Database\\MySqlConnection), Object(Illuminate\\Database\\Migrations\\Migration@anonymous), 'up')
#11 C:\\Users\\VICTOR PASINGA\\Documents\\GitHub\\Proyecto-PcStore-SENA\\laravel-PcStore-SENA\\vendor\\laravel\\framework\\src\\Illuminate\\Database\\Migrations\\Migrator.php(409): Illuminate\\Database\\Migrations\\Migrator->Illuminate\\Database\\Migrations\\{closure}()
#12 C:\\Users\\VICTOR PASINGA\\Documents\\GitHub\\Proyecto-PcStore-SENA\\laravel-PcStore-SENA\\vendor\\laravel\\framework\\src\\Illuminate\\Database\\Migrations\\Migrator.php(212): Illuminate\\Database\\Migrations\\Migrator->runMigration(Object(Illuminate\\Database\\Migrations\\Migration@anonymous), 'up')
#13 C:\\Users\\VICTOR PASINGA\\Documents\\GitHub\\Proyecto-PcStore-SENA\\laravel-PcStore-SENA\\vendor\\laravel\\framework\\src\\Illuminate\\Console\\View\\Components\\Task.php(40): Illuminate\\Database\\Migrations\\Migrator->Illuminate\\Database\\Migrations\\{closure}()
#14 C:\\Users\\VICTOR PASINGA\\Documents\\GitHub\\Proyecto-PcStore-SENA\\laravel-PcStore-SENA\\vendor\\laravel\\framework\\src\\Illuminate\\Database\\Migrations\\Migrator.php(736): Illuminate\\Console\\View\\Components\\Task->render('2024_11_06_2044...', Object(Closure))
#15 C:\\Users\\VICTOR PASINGA\\Documents\\GitHub\\Proyecto-PcStore-SENA\\laravel-PcStore-SENA\\vendor\\laravel\\framework\\src\\Illuminate\\Database\\Migrations\\Migrator.php(212): Illuminate\\Database\\Migrations\\Migrator->write('Illuminate\\\\Cons...', '2024_11_06_2044...', Object(Closure))
#16 C:\\Users\\VICTOR PASINGA\\Documents\\GitHub\\Proyecto-PcStore-SENA\\laravel-PcStore-SENA\\vendor\\laravel\\framework\\src\\Illuminate\\Database\\Migrations\\Migrator.php(179): Illuminate\\Database\\Migrations\\Migrator->runUp('C:\\\\Users\\\\VICTOR...', 1, false)
#17 C:\\Users\\VICTOR PASINGA\\Documents\\GitHub\\Proyecto-PcStore-SENA\\laravel-PcStore-SENA\\vendor\\laravel\\framework\\src\\Illuminate\\Database\\Migrations\\Migrator.php(122): Illuminate\\Database\\Migrations\\Migrator->runPending(Array, Array)
#18 C:\\Users\\VICTOR PASINGA\\Documents\\GitHub\\Proyecto-PcStore-SENA\\laravel-PcStore-SENA\\vendor\\laravel\\framework\\src\\Illuminate\\Database\\Console\\Migrations\\MigrateCommand.php(116): Illuminate\\Database\\Migrations\\Migrator->run(Array, Array)
#19 C:\\Users\\VICTOR PASINGA\\Documents\\GitHub\\Proyecto-PcStore-SENA\\laravel-PcStore-SENA\\vendor\\laravel\\framework\\src\\Illuminate\\Database\\Migrations\\Migrator.php(615): Illuminate\\Database\\Console\\Migrations\\MigrateCommand->Illuminate\\Database\\Console\\Migrations\\{closure}()
#20 C:\\Users\\VICTOR PASINGA\\Documents\\GitHub\\Proyecto-PcStore-SENA\\laravel-PcStore-SENA\\vendor\\laravel\\framework\\src\\Illuminate\\Database\\Console\\Migrations\\MigrateCommand.php(109): Illuminate\\Database\\Migrations\\Migrator->usingConnection(NULL, Object(Closure))
#21 C:\\Users\\VICTOR PASINGA\\Documents\\GitHub\\Proyecto-PcStore-SENA\\laravel-PcStore-SENA\\vendor\\laravel\\framework\\src\\Illuminate\\Database\\Console\\Migrations\\MigrateCommand.php(88): Illuminate\\Database\\Console\\Migrations\\MigrateCommand->runMigrations()
#22 C:\\Users\\VICTOR PASINGA\\Documents\\GitHub\\Proyecto-PcStore-SENA\\laravel-PcStore-SENA\\vendor\\laravel\\framework\\src\\Illuminate\\Container\\BoundMethod.php(36): Illuminate\\Database\\Console\\Migrations\\MigrateCommand->handle()
#23 C:\\Users\\VICTOR PASINGA\\Documents\\GitHub\\Proyecto-PcStore-SENA\\laravel-PcStore-SENA\\vendor\\laravel\\framework\\src\\Illuminate\\Container\\Util.php(43): Illuminate\\Container\\BoundMethod::Illuminate\\Container\\{closure}()
#24 C:\\Users\\VICTOR PASINGA\\Documents\\GitHub\\Proyecto-PcStore-SENA\\laravel-PcStore-SENA\\vendor\\laravel\\framework\\src\\Illuminate\\Container\\BoundMethod.php(95): Illuminate\\Container\\Util::unwrapIfClosure(Object(Closure))
#25 C:\\Users\\VICTOR PASINGA\\Documents\\GitHub\\Proyecto-PcStore-SENA\\laravel-PcStore-SENA\\vendor\\laravel\\framework\\src\\Illuminate\\Container\\BoundMethod.php(35): Illuminate\\Container\\BoundMethod::callBoundMethod(Object(Illuminate\\Foundation\\Application), Array, Object(Closure))
#26 C:\\Users\\VICTOR PASINGA\\Documents\\GitHub\\Proyecto-PcStore-SENA\\laravel-PcStore-SENA\\vendor\\laravel\\framework\\src\\Illuminate\\Container\\Container.php(690): Illuminate\\Container\\BoundMethod::call(Object(Illuminate\\Foundation\\Application), Array, Array, NULL)
#27 C:\\Users\\VICTOR PASINGA\\Documents\\GitHub\\Proyecto-PcStore-SENA\\laravel-PcStore-SENA\\vendor\\laravel\\framework\\src\\Illuminate\\Console\\Command.php(213): Illuminate\\Container\\Container->call(Array)
#28 C:\\Users\\VICTOR PASINGA\\Documents\\GitHub\\Proyecto-PcStore-SENA\\laravel-PcStore-SENA\\vendor\\symfony\\console\\Command\\Command.php(279): Illuminate\\Console\\Command->execute(Object(Symfony\\Component\\Console\\Input\\ArgvInput), Object(Illuminate\\Console\\OutputStyle))
#29 C:\\Users\\VICTOR PASINGA\\Documents\\GitHub\\Proyecto-PcStore-SENA\\laravel-PcStore-SENA\\vendor\\laravel\\framework\\src\\Illuminate\\Console\\Command.php(182): Symfony\\Component\\Console\\Command\\Command->run(Object(Symfony\\Component\\Console\\Input\\ArgvInput), Object(Illuminate\\Console\\OutputStyle))
#30 C:\\Users\\VICTOR PASINGA\\Documents\\GitHub\\Proyecto-PcStore-SENA\\laravel-PcStore-SENA\\vendor\\symfony\\console\\Application.php(1047): Illuminate\\Console\\Command->run(Object(Symfony\\Component\\Console\\Input\\ArgvInput), Object(Symfony\\Component\\Console\\Output\\ConsoleOutput))
#31 C:\\Users\\VICTOR PASINGA\\Documents\\GitHub\\Proyecto-PcStore-SENA\\laravel-PcStore-SENA\\vendor\\symfony\\console\\Application.php(316): Symfony\\Component\\Console\\Application->doRunCommand(Object(Illuminate\\Database\\Console\\Migrations\\MigrateCommand), Object(Symfony\\Component\\Console\\Input\\ArgvInput), Object(Symfony\\Component\\Console\\Output\\ConsoleOutput))
#32 C:\\Users\\VICTOR PASINGA\\Documents\\GitHub\\Proyecto-PcStore-SENA\\laravel-PcStore-SENA\\vendor\\symfony\\console\\Application.php(167): Symfony\\Component\\Console\\Application->doRun(Object(Symfony\\Component\\Console\\Input\\ArgvInput), Object(Symfony\\Component\\Console\\Output\\ConsoleOutput))
#33 C:\\Users\\VICTOR PASINGA\\Documents\\GitHub\\Proyecto-PcStore-SENA\\laravel-PcStore-SENA\\vendor\\laravel\\framework\\src\\Illuminate\\Foundation\\Console\\Kernel.php(197): Symfony\\Component\\Console\\Application->run(Object(Symfony\\Component\\Console\\Input\\ArgvInput), Object(Symfony\\Component\\Console\\Output\\ConsoleOutput))
#34 C:\\Users\\VICTOR PASINGA\\Documents\\GitHub\\Proyecto-PcStore-SENA\\laravel-PcStore-SENA\\vendor\\laravel\\framework\\src\\Illuminate\\Foundation\\Application.php(1203): Illuminate\\Foundation\\Console\\Kernel->handle(Object(Symfony\\Component\\Console\\Input\\ArgvInput), Object(Symfony\\Component\\Console\\Output\\ConsoleOutput))
#35 C:\\Users\\VICTOR PASINGA\\Documents\\GitHub\\Proyecto-PcStore-SENA\\laravel-PcStore-SENA\\artisan(13): Illuminate\\Foundation\\Application->handleCommand(Object(Symfony\\Component\\Console\\Input\\ArgvInput))
#36 {main}
"} 
